#
# There is insufficient memory for the Java Runtime Environment to continue.
# Native memory allocation (mmap) failed to map 264241152 bytes for G1 virtual space
# Possible reasons:
#   The system is out of physical RAM or swap space
#   The process is running with CompressedOops enabled, and the Java Heap may be blocking the growth of the native heap
# Possible solutions:
#   Reduce memory load on the system
#   Increase physical memory or swap space
#   Check if swap backing store is full
#   Decrease Java heap size (-Xmx/-Xms)
#   Decrease number of Java threads
#   Decrease Java thread stack sizes (-Xss)
#   Set larger code cache with -XX:ReservedCodeCacheSize=
#   JVM is running with Zero Based Compressed Oops mode in which the Java heap is
#     placed in the first 32GB address space. The Java Heap base address is the
#     maximum limit for the native heap growth. Please use -XX:HeapBaseMinAddress
#     to set the Java Heap base and to place the Java Heap above 32GB virtual address.
# This output file may be truncated or incomplete.
#
#  Out of Memory Error (os_windows.cpp:3604), pid=29448, tid=29468
#
# JRE version:  (21.0.10+8) (build )
# Java VM: Java HotSpot(TM) 64-Bit Server VM (21.0.10+8-LTS-217, mixed mode, sharing, tiered, compressed oops, compressed class ptrs, g1 gc, windows-amd64)
# No core dump will be written. Minidumps are not enabled by default on client versions of Windows
#

---------------  S U M M A R Y ------------

Command Line: -Dclassworlds.conf=C:/Users/SEPLE/.m2/wrapper/dists/apache-maven-3.9.9/3477a4f1/bin/m2.conf -Dmaven.home=C:/Users/SEPLE/.m2/wrapper/dists/apache-maven-3.9.9/3477a4f1 -Dlibrary.jansi.path=C:/Users/SEPLE/.m2/wrapper/dists/apache-maven-3.9.9/3477a4f1/lib/jansi-native -Dmaven.multiModuleProjectDirectory=D:/Ganesh/work/Ecommerce-Web/ecom-backend org.codehaus.plexus.classworlds.launcher.Launcher clean compile -q

Host: 12th Gen Intel(R) Core(TM) i7-12700, 20 cores, 15G,  Windows 10 , 64 bit Build 18362 (10.0.18362.329)
Time: Wed Feb 11 17:53:09 2026 India Standard Time elapsed time: 0.005763 seconds (0d 0h 0m 0s)

---------------  T H R E A D  ---------------

Current thread (0x000001c8829cd030):  JavaThread "Unknown thread" [_thread_in_vm, id=29468, stack(0x00000076b8800000,0x00000076b8900000) (1024K)]

Stack: [0x00000076b8800000,0x00000076b8900000]
Native frames: (J=compiled Java code, j=interpreted, Vv=VM code, C=native code)
V  [jvm.dll+0x6d0b59]
V  [jvm.dll+0x85fd56]
V  [jvm.dll+0x86224e]
V  [jvm.dll+0x862923]
V  [jvm.dll+0x282a16]
V  [jvm.dll+0x6cd405]
V  [jvm.dll+0x6c1f8a]
V  [jvm.dll+0x35bcc8]
V  [jvm.dll+0x363986]
V  [jvm.dll+0x3b4a3e]
V  [jvm.dll+0x3b4ce8]
V  [jvm.dll+0x32f98c]
V  [jvm.dll+0x3304db]
V  [jvm.dll+0x829d3e]
V  [jvm.dll+0x3c19d1]
V  [jvm.dll+0x812c0a]
V  [jvm.dll+0x4543d1]
V  [jvm.dll+0x455e21]
C  [jli.dll+0x5310]
C  [ucrtbase.dll+0x20e72]
C  [KERNEL32.DLL+0x17bd4]
C  [ntdll.dll+0x6ced1]


---------------  P R O C E S S  ---------------

Threads class SMR info:
_java_thread_list=0x00007ff9c5288c88, length=0, elements={
}

Java Threads: ( => current thread )
Total: 0

Other Threads:
  0x000001c884c30cd0 WorkerThread "GC Thread#0"                     [id=29472, stack(0x00000076b8900000,0x00000076b8a00000) (1024K)]
  0x000001c884c42c90 ConcurrentGCThread "G1 Main Marker"            [id=29476, stack(0x00000076b8a00000,0x00000076b8b00000) (1024K)]
  0x000001c884c43e50 WorkerThread "G1 Conc#0"                       [id=29480, stack(0x00000076b8b00000,0x00000076b8c00000) (1024K)]

[error occurred during error reporting (printing all threads), id 0xc0000005, EXCEPTION_ACCESS_VIOLATION (0xc0000005) at pc=0x00007ff9c49f2447]
VM state: not at safepoint (not fully initialized)

VM Mutex/Monitor currently owned by a thread:  ([mutex/lock_event])
[0x00007ff9c52fa010] Heap_lock - owner thread: 0x000001c8829cd030

Heap address: 0x0000000705000000, size: 4016 MB, Compressed Oops mode: Zero based, Oop shift amount: 3

CDS archive(s) mapped at: [0x0000000000000000-0x0000000000000000-0x0000000000000000), size 0, SharedBaseAddress: 0x0000000800000000, ArchiveRelocationMode: 1.
Narrow klass base: 0x0000000000000000, Narrow klass shift: 0, Narrow klass range: 0x0

GC Precious Log:
 CardTable entry size: 512
 Card Set container configuration: InlinePtr #cards 4 size 8 Array Of Cards #cards 16 size 48 Howl #buckets 8 coarsen threshold 3686 Howl Bitmap #cards 512 size 80 coarsen threshold 460 Card regions per heap region 1 cards per card region 4096

Heap:
 garbage-first heap   total 0K, used 0K [0x0000000705000000, 0x0000000800000000)
  region size 2048K, 0 young (0K), 0 survivors (0K)

[error occurred during error reporting (printing heap information), id 0xc0000005, EXCEPTION_ACCESS_VIOLATION (0xc0000005) at pc=0x00007ff9c4ddac39]
GC Heap History (0 events):
No events

Dll operation events (1 events):
Event: 0.002 Loaded shared library C:\Program Files\Java\jdk-21.0.10\bin\java.dll

Deoptimization events (0 events):
No events

Classes loaded (0 events):
No events

Classes unloaded (0 events):
No events

Classes redefined (0 events):
No events

Internal exceptions (0 events):
No events

ZGC Phase Switch (0 events):
No events

VM Operations (0 events):
No events

Events (0 events):
No events


Dynamic libraries:
0x00007ff6ac4e0000 - 0x00007ff6ac4f0000 	C:\Program Files\Java\jdk-21.0.10\bin\java.exe
0x00007ff9e7fa0000 - 0x00007ff9e8190000 	C:\Windows\SYSTEM32\ntdll.dll
0x00007ff9e7180000 - 0x00007ff9e7232000 	C:\Windows\System32\KERNEL32.DLL
0x00007ff9e5a70000 - 0x00007ff9e5d13000 	C:\Windows\System32\KERNELBASE.dll
0x00007ff9e58d0000 - 0x00007ff9e59ca000 	C:\Windows\System32\ucrtbase.dll
0x00007ff9e3040000 - 0x00007ff9e3059000 	C:\Program Files\Java\jdk-21.0.10\bin\jli.dll
0x00007ff9e1820000 - 0x00007ff9e183e000 	C:\Program Files\Java\jdk-21.0.10\bin\VCRUNTIME140.dll
0x00007ff9e6de0000 - 0x00007ff9e6e83000 	C:\Windows\System32\ADVAPI32.dll
0x00007ff9e6960000 - 0x00007ff9e69fe000 	C:\Windows\System32\msvcrt.dll
0x00007ff9e65b0000 - 0x00007ff9e6647000 	C:\Windows\System32\sechost.dll
0x00007ff9e6120000 - 0x00007ff9e6240000 	C:\Windows\System32\RPCRT4.dll
0x00007ff9e6650000 - 0x00007ff9e67e4000 	C:\Windows\System32\USER32.dll
0x00007ff9e6020000 - 0x00007ff9e6041000 	C:\Windows\System32\win32u.dll
0x00007ff9e79f0000 - 0x00007ff9e7a16000 	C:\Windows\System32\GDI32.dll
0x00007ff9e5730000 - 0x00007ff9e58c4000 	C:\Windows\System32\gdi32full.dll
0x00007ff9da940000 - 0x00007ff9dabc5000 	C:\Windows\WinSxS\amd64_microsoft.windows.common-controls_6595b64144ccf1df_6.0.18362.418_none_e6c6b287130d565d\COMCTL32.dll
0x00007ff9e5dd0000 - 0x00007ff9e5e6e000 	C:\Windows\System32\msvcp_win.dll
0x00007ff9e6a30000 - 0x00007ff9e6d66000 	C:\Windows\System32\combase.dll
0x00007ff9e4f30000 - 0x00007ff9e4fb0000 	C:\Windows\System32\bcryptPrimitives.dll
0x00007ff9dd320000 - 0x00007ff9dd32a000 	C:\Windows\SYSTEM32\VERSION.dll
0x00007ff9e6a00000 - 0x00007ff9e6a2e000 	C:\Windows\System32\IMM32.DLL
0x00007ff9e2e60000 - 0x00007ff9e2e6c000 	C:\Program Files\Java\jdk-21.0.10\bin\vcruntime140_1.dll
0x00007ff9d95d0000 - 0x00007ff9d965d000 	C:\Program Files\Java\jdk-21.0.10\bin\msvcp140.dll
0x00007ff9c46b0000 - 0x00007ff9c53d7000 	C:\Program Files\Java\jdk-21.0.10\bin\server\jvm.dll
0x00007ff9e4ea0000 - 0x00007ff9e4eea000 	C:\Windows\System32\POWRPROF.dll
0x00007ff9e4e70000 - 0x00007ff9e4e80000 	C:\Windows\System32\UMPDC.dll
0x00007ff9e6d70000 - 0x00007ff9e6ddf000 	C:\Windows\System32\WS2_32.dll
0x00007ff9e28e0000 - 0x00007ff9e2904000 	C:\Windows\SYSTEM32\WINMM.dll
0x00007ff9e28b0000 - 0x00007ff9e28dd000 	C:\Windows\SYSTEM32\WINMMBASE.dll
0x00007ff9e59d0000 - 0x00007ff9e5a1a000 	C:\Windows\System32\cfgmgr32.dll
0x00007ff9e4f10000 - 0x00007ff9e4f21000 	C:\Windows\System32\kernel.appcore.dll
0x00007ff9e1a50000 - 0x00007ff9e1a5a000 	C:\Program Files\Java\jdk-21.0.10\bin\jimage.dll
0x00007ff9d7c50000 - 0x00007ff9d7e44000 	C:\Windows\SYSTEM32\DBGHELP.DLL
0x00007ff9dc720000 - 0x00007ff9dc74a000 	C:\Windows\SYSTEM32\dbgcore.DLL
0x00007ff9e1710000 - 0x00007ff9e1731000 	C:\Program Files\Java\jdk-21.0.10\bin\java.dll

dbghelp: loaded successfully - version: 4.0.5 - missing functions: none
symbol engine: initialized successfully - sym options: 0x614 - pdb path: .;C:\Program Files\Java\jdk-21.0.10\bin;C:\Windows\SYSTEM32;C:\Windows\WinSxS\amd64_microsoft.windows.common-controls_6595b64144ccf1df_6.0.18362.418_none_e6c6b287130d565d;C:\Program Files\Java\jdk-21.0.10\bin\server

VM Arguments:
jvm_args: -Dclassworlds.conf=C:/Users/SEPLE/.m2/wrapper/dists/apache-maven-3.9.9/3477a4f1/bin/m2.conf -Dmaven.home=C:/Users/SEPLE/.m2/wrapper/dists/apache-maven-3.9.9/3477a4f1 -Dlibrary.jansi.path=C:/Users/SEPLE/.m2/wrapper/dists/apache-maven-3.9.9/3477a4f1/lib/jansi-native -Dmaven.multiModuleProjectDirectory=D:/Ganesh/work/Ecommerce-Web/ecom-backend 
java_command: org.codehaus.plexus.classworlds.launcher.Launcher clean compile -q
java_class_path (initial): C:/Users/SEPLE/.m2/wrapper/dists/apache-maven-3.9.9/3477a4f1/boot/plexus-classworlds-2.8.0.jar
Launcher Type: SUN_STANDARD

[Global flags]
     intx CICompilerCount                          = 12                                        {product} {ergonomic}
     uint ConcGCThreads                            = 4                                         {product} {ergonomic}
     uint G1ConcRefinementThreads                  = 15                                        {product} {ergonomic}
   size_t G1HeapRegionSize                         = 2097152                                   {product} {ergonomic}
    uintx GCDrainStackTargetSize                   = 64                                        {product} {ergonomic}
   size_t InitialHeapSize                          = 264241152                                 {product} {ergonomic}
   size_t MarkStackSize                            = 4194304                                   {product} {ergonomic}
   size_t MaxHeapSize                              = 4211081216                                {product} {ergonomic}
   size_t MinHeapDeltaBytes                        = 2097152                                   {product} {ergonomic}
   size_t MinHeapSize                              = 8388608                                   {product} {ergonomic}
    uintx NonNMethodCodeHeapSize                   = 7602480                                {pd product} {ergonomic}
    uintx NonProfiledCodeHeapSize                  = 122027880                              {pd product} {ergonomic}
    uintx ProfiledCodeHeapSize                     = 122027880                              {pd product} {ergonomic}
    uintx ReservedCodeCacheSize                    = 251658240                              {pd product} {ergonomic}
     bool SegmentedCodeCache                       = true                                      {product} {ergonomic}
   size_t SoftMaxHeapSize                          = 4211081216                             {manageable} {ergonomic}
     bool UseCompressedOops                        = true                           {product lp64_product} {ergonomic}
     bool UseG1GC                                  = true                                      {product} {ergonomic}
     bool UseLargePagesIndividualAllocation        = false                                  {pd product} {ergonomic}

Logging:
Log output configuration:
 #0: stdout all=warning uptime,level,tags foldmultilines=false
 #1: stderr all=off uptime,level,tags foldmultilines=false

Environment Variables:
PATH=C:\Program Files\Git\mingw64\bin;C:\Program Files\Git\usr\bin;C:\Users\SEPLE\bin;C:\Program Files\Common Files\Oracle\Java\javapath;C:\Python314\Scripts;C:\Python314;C:\Windows\system32;C:\Windows;C:\Windows\System32\Wbem;C:\Windows\System32\WindowsPowerShell\v1.0;C:\Windows\System32\OpenSSH;C:\Program Files\Git\cmd;C:\src\flutter\bin;C:\Program Files\nodejs;C:\ProgramData\chocolatey\bin;C:\Program Files\MySQL\MySQL Server 8.0\bin;C:\Program Files\Java\jdk-21.0.10\bin;C:\Users\SEPLE\AppData\Local\Microsoft\WindowsApps;C:\Users\SEPLE\AppData\Local\Programs\Microsoft VS Code\bin;C:\Users\SEPLE\AppData\Local\Programs\Antigravity\bin;C:\Users\SEPLE\AppData\Roaming\npm;C:\Program Files\JetBrains\IntelliJ IDEA 2025.3.2\bin
USERNAME=SEPLE
TERM=xterm
OS=Windows_NT
PROCESSOR_IDENTIFIER=Intel64 Family 6 Model 151 Stepping 2, GenuineIntel
TMP=C:\Users\SEPLE\AppData\Local\Temp
TEMP=C:\Users\SEPLE\AppData\Local\Temp




Periodic native trim disabled

---------------  S Y S T E M  ---------------

OS:
 Windows 10 , 64 bit Build 18362 (10.0.18362.329)
OS uptime: 0 days 5:24 hours

CPU: total 20 (initial active 20) (10 cores per cpu, 2 threads per core) family 6 model 151 stepping 2 microcode 0x36, cx8, cmov, fxsr, ht, mmx, 3dnowpref, sse, sse2, sse3, ssse3, sse4.1, sse4.2, popcnt, lzcnt, tsc, tscinvbit, avx, avx2, aes, erms, clmul, bmi1, bmi2, adx, sha, fma, vzeroupper, clflush, clflushopt, clwb, serialize, rdtscp, rdpid, fsrm, f16c, pku, cet_ibt, cet_ss
Processor Information for processor 0
  Max Mhz: 2112, Current Mhz: 2112, Mhz Limit: 1605
Processor Information for processor 1
  Max Mhz: 2112, Current Mhz: 2112, Mhz Limit: 2112
Processor Information for processor 2
  Max Mhz: 2112, Current Mhz: 2112, Mhz Limit: 2112
Processor Information for processor 3
  Max Mhz: 2112, Current Mhz: 2112, Mhz Limit: 2112
Processor Information for processor 4
  Max Mhz: 2112, Current Mhz: 2112, Mhz Limit: 2112
Processor Information for processor 5
  Max Mhz: 2112, Current Mhz: 2112, Mhz Limit: 2112
Processor Information for processor 6
  Max Mhz: 2112, Current Mhz: 2112, Mhz Limit: 2112
Processor Information for processor 7
  Max Mhz: 2112, Current Mhz: 2112, Mhz Limit: 2112
Processor Information for processor 8
  Max Mhz: 2112, Current Mhz: 2112, Mhz Limit: 2112
Processor Information for processor 9
  Max Mhz: 2112, Current Mhz: 2112, Mhz Limit: 2112
Processor Information for processor 10
  Max Mhz: 2112, Current Mhz: 2112, Mhz Limit: 2112
Processor Information for processor 11
  Max Mhz: 2112, Current Mhz: 2112, Mhz Limit: 2112
Processor Information for processor 12
  Max Mhz: 2112, Current Mhz: 2112, Mhz Limit: 2112
Processor Information for processor 13
  Max Mhz: 2112, Current Mhz: 2112, Mhz Limit: 2112
Processor Information for processor 14
  Max Mhz: 2112, Current Mhz: 2112, Mhz Limit: 2112
Processor Information for processor 15
  Max Mhz: 2112, Current Mhz: 2112, Mhz Limit: 2112
Processor Information for processor 16
  Max Mhz: 2112, Current Mhz: 1609, Mhz Limit: 1605
Processor Information for processor 17
  Max Mhz: 2112, Current Mhz: 1609, Mhz Limit: 1605
Processor Information for processor 18
  Max Mhz: 2112, Current Mhz: 1609, Mhz Limit: 1605
Processor Information for processor 19
  Max Mhz: 2112, Current Mhz: 1609, Mhz Limit: 1605

Memory: 4k page, system-wide physical 16058M (540M free)
TotalPageFile size 31250M (AvailPageFile size 54M)
current process WorkingSet (physical memory assigned to process): 10M, peak: 10M
current process commit charge ("private bytes"): 75M, peak: 327M

vm_info: Java HotSpot(TM) 64-Bit Server VM (21.0.10+8-LTS-217) for windows-amd64 JRE (21.0.10+8-LTS-217), built on 2025-12-18T14:59:28Z by "mach5run" with MS VC++ 17.13 (VS2022)

END.
